<?xml version="1.0" encoding="UTF-8"?>
<!-- Generated by org.testng.reporters.JUnitXMLReporter -->
<testsuite ignored="0" hostname="Srinivass-MacBook-Air.local" failures="1" tests="2" name="Default test" time="31.701" errors="0" timestamp="2024-11-29T14:28:53 GMT">
  <testcase classname="io.cucumber.testng.AbstractTestNGCucumberTests" name="runScenario" time="25.43">
    <failure type="java.lang.AssertionError" message="Login failed: My Account page not displayed">
      <![CDATA[java.lang.AssertionError: Login failed: My Account page not displayed
at org.junit.Assert.fail(Assert.java:89)
at org.junit.Assert.assertTrue(Assert.java:42)
at stepDefinitions.LoginSteps.verifyMyAccountPage(LoginSteps.java:43)
at ✽.I should be redirected to the My Account page(file:///Users/srinivasankam/eclipse-workspace/Opencart_V122_Cucumber/src/test/resources/features/Login.feature:9)
]]>
    </failure>
  </testcase> <!-- runScenario -->
  <testcase classname="io.cucumber.testng.AbstractTestNGCucumberTests" name="runScenario" time="5.115"/>
</testsuite> <!-- Default test -->
